<?xml version="1.0" encoding="UTF-8" ?>
<testsuite failures="0" time="0.14" errors="1" skipped="0" tests="1" name="com.google.appengine.demos.guestbook.SignGuestbookServletTest">
  <properties>
[...]
</properties>
  <testcase time="0.14" classname="com.google.appengine.demos.guestbook.SignGuestbookServletTest" name="testDoPost">
    <error message="imageUrls2: [Ljava.lang.String; is not a supported property type." type="java.lang.IllegalArgumentException">java.lang.IllegalArgumentException: imageUrls2: [Ljava.lang.String; is not a supported property type.
	at com.google.appengine.api.datastore.DataTypeUtils.checkSupportedSingleValue(DataTypeUtils.java:236)
	at com.google.appengine.api.datastore.DataTypeUtils.checkSupportedValue(DataTypeUtils.java:208)
	at com.google.appengine.api.datastore.DataTypeUtils.checkSupportedValue(DataTypeUtils.java:174)
	at com.google.appengine.api.datastore.DataTypeUtils.checkSupportedValue(DataTypeUtils.java:149)
	at com.google.appengine.api.datastore.PropertyContainer.setProperty(PropertyContainer.java:101)
	at com.google.appengine.demos.guestbook.SignGuestbookServlet.doPost(SignGuestbookServlet.java:59)
	at com.google.appengine.demos.guestbook.SignGuestbookServletTest.testDoPost(SignGuestbookServletTest.java:78)
	at sun.reflect.NativeMethodAccessorImpl.invoke0(Native Method)
	at sun.reflect.NativeMethodAccessorImpl.invoke(NativeMethodAccessorImpl.java:57)
	at sun.reflect.DelegatingMethodAccessorImpl.invoke(DelegatingMethodAccessorImpl.java:43)
	at java.lang.reflect.Method.invoke(Method.java:606)
	at org.junit.runners.model.FrameworkMethod$1.runReflectiveCall(FrameworkMethod.java:45)
	at org.junit.internal.runners.model.ReflectiveCallable.run(ReflectiveCallable.java:15)
	at org.junit.runners.model.FrameworkMethod.invokeExplosively(FrameworkMethod.java:42)
	at org.junit.internal.runners.statements.InvokeMethod.evaluate(InvokeMethod.java:20)
	at org.junit.internal.runners.statements.RunBefores.evaluate(RunBefores.java:28)
	at org.junit.internal.runners.statements.RunAfters.evaluate(RunAfters.java:30)
	at org.junit.runners.ParentRunner.runLeaf(ParentRunner.java:263)
	at org.junit.runners.BlockJUnit4ClassRunner.runChild(BlockJUnit4ClassRunner.java:68)
	at org.junit.runners.BlockJUnit4ClassRunner.runChild(BlockJUnit4ClassRunner.java:47)
	at org.junit.runners.ParentRunner$3.run(ParentRunner.java:231)
	at org.junit.runners.ParentRunner$1.schedule(ParentRunner.java:60)
	at org.junit.runners.ParentRunner.runChildren(ParentRunner.java:229)
	at org.junit.runners.ParentRunner.access$000(ParentRunner.java:50)
	at org.junit.runners.ParentRunner$2.evaluate(ParentRunner.java:222)
	at org.junit.runners.ParentRunner.run(ParentRunner.java:300)
	at org.apache.maven.surefire.junit4.JUnit4Provider.execute(JUnit4Provider.java:252)
	at org.apache.maven.surefire.junit4.JUnit4Provider.executeTestSet(JUnit4Provider.java:141)
	at org.apache.maven.surefire.junit4.JUnit4Provider.invoke(JUnit4Provider.java:112)
	at sun.reflect.NativeMethodAccessorImpl.invoke0(Native Method)
	at sun.reflect.NativeMethodAccessorImpl.invoke(NativeMethodAccessorImpl.java:57)
	at sun.reflect.DelegatingMethodAccessorImpl.invoke(DelegatingMethodAccessorImpl.java:43)
	at java.lang.reflect.Method.invoke(Method.java:606)
	at org.apache.maven.surefire.util.ReflectionUtils.invokeMethodWithArray(ReflectionUtils.java:189)
	at org.apache.maven.surefire.booter.ProviderFactory$ProviderProxy.invoke(ProviderFactory.java:165)
	at org.apache.maven.surefire.booter.ProviderFactory.invokeProvider(ProviderFactory.java:85)
	at org.apache.maven.surefire.booter.ForkedBooter.runSuitesInProcess(ForkedBooter.java:115)
	at org.apache.maven.surefire.booter.ForkedBooter.main(ForkedBooter.java:75)
</error>
    <system-err>Oct 04, 2014 10:58:39 PM com.google.appengine.api.datastore.dev.LocalDatastoreService init
INFO: Local Datastore initialized: 
	Type: Master/Slave
	Storage: In-memory
</system-err>
  </testcase>
</testsuite>